-1691.12 9999.91
5538.91 9998.21
9473.30 9996.36
9974.83 9993.26
9992.04 9935.23
9994.51 9844.28
9999.70 7731.25
9999.99 -6533.28
9999.76 -8116.41
9989.99 -9771.25
9987.82 -9806.65
9943.63 -9923.58
9929.24 -9951.18
9661.24 -9989.65
4323.11 -9999.88
-8286.01 -9999.96
-8583.00 -9999.79
-9441.90 -9999.08
-9930.44 -9995.36
-9962.06 -9981.54
-9983.17 -9921.18
-9995.78 -9782.17
-9999.01 -8491.46
-9999.16 -6273.26
-9999.45 4592.62
-9995.22 8025.34
-9991.69 9658.86
-9990.16 9749.03
-9970.28 9843.83
-9951.35 9889.02
-9907.05 9911.45
-9474.19 9990.59
-9262.60 9997.62
-7229.94 9999.64
0.03
