9999.97 -236.07
9999.86 9442.95
9999.59 9962.15
9953.11 9999.66
9887.96 9999.69
6913.34 9999.93
173.38 10000.00
-8072.02 9999.98
-9833.90 9999.97
-9887.89 9998.48
-9948.02 9995.86
-9999.86 9968.92
-9999.97 7555.23
-9999.99 1719.65
-9999.95 -3289.46
-9999.80 -9594.47
-9997.08 -9954.33
-9995.38 -9966.38
-9984.32 -9999.22
-9284.39 -9999.63
-6417.35 -9999.87
-2669.66 -9999.97
1155.28 -10000.00
4048.07 -9999.98
8884.29 -9999.94
9520.10 -9999.91
9894.31 -9999.77
9987.76 -9988.04
9997.36 -9903.26
9998.83 -9786.37
9999.38 -9315.40
9999.75 -8540.51
0.00
