6320.11 -9999.99
-4415.21 -9999.89
-7120.33 -9999.84
-9893.83 -9999.08
-9961.22 -9975.22
-9984.02 -9922.86
-9993.71 -9863.21
-9997.65 -9806.39
-9999.56 -9310.07
-9999.87 -2558.59
-9999.99 8426.02
-9999.76 9362.64
-9998.54 9796.80
-9994.28 9984.76
-9887.92 9994.82
-9735.04 9998.85
-8950.27 9999.75
-7332.45 9999.94
-462.80 9999.80
3150.42 9999.68
7328.98 9999.51
9353.99 9998.70
9982.91 9997.24
9994.09 9946.19
9995.96 9913.62
9997.55 9371.69
9999.33 6773.45
9999.76 3092.53
9999.88 -5480.94
9999.62 -9100.94
9995.04 -9418.17
9992.69 -9539.45
9983.40 -9933.33
9955.21 -9985.72
9668.81 -9999.72
8756.44 -9999.85
7708.35 -9999.95
0.01
