-10000.00 9404.29
-9999.66 9805.14
-9991.22 9924.88
-9980.94 9962.60
-9964.49 9977.87
-9921.60 9994.85
-9441.65 9997.32
-8672.56 9999.10
-4870.16 9999.82
-2009.26 9999.89
479.17 9999.90
8232.32 9999.91
9210.35 9999.81
9642.78 9996.70
9903.26 9994.59
9969.44 9987.17
9978.91 9971.68
9997.73 9932.74
9999.12 9215.64
9999.64 6469.56
9999.86 -4373.43
9999.92 -8990.87
9997.04 -9989.53
9303.42 -9999.89
8225.15 -9999.95
-5273.04 -9999.99
-9303.74 -9999.32
-9532.81 -9999.21
-9839.90 -9990.45
-9929.66 -9987.57
-9949.72 -9986.44
-9999.70 -9932.04
-9999.92 -3706.04
0.01
