999.96 762.49
999.88 934.90
999.82 984.88
998.86 997.70
997.26 999.27
975.19 999.51
914.12 999.95
880.63 999.98
772.33 1000.00
708.92 999.91
705.80 999.90
701.44 998.67
700.34 992.82
699.73 980.49
699.23 948.67
699.12 814.62
699.12 -316.28
699.12 -873.80
699.12 -873.80
699.11 849.67
699.05 993.41
698.97 997.17
697.73 999.47
695.87 999.75
690.74 999.94
141.85 999.94
105.65 999.94
-999.99 -86.70
-999.98 -448.02
-999.96 -663.27
-999.91 -919.69
-999.55 -997.04
-998.09 -999.78
-985.07 -999.66
-969.71 -998.63
-968.83 -998.43
-968.79 -876.47
-968.77 -761.41
-968.77 95.88
-968.77 343.10
-968.77 868.22
-968.77 868.22
-968.76 -892.64
-968.73 -966.47
-968.65 -979.21
-968.28 -999.53
-957.01 -999.80
-907.48 -999.96
-630.50 -999.99
-530.14 -1000.00
-514.25 -998.35
-513.25 -985.81
-513.23 230.16
-513.23 683.88
-513.23 683.88
-513.22 -816.35
-513.03 -984.11
-511.88 -996.66
-507.38 -998.88
-504.99 -999.83
-458.53 -1000.00
-101.41 -1000.00
-66.37 -1000.00
186.55 -1000.00
316.22 -999.96
0.01
