4732.42 9999.96
7337.44 9999.87
9629.10 9999.68
9962.25 9999.37
9977.31 9996.45
9994.59 9971.83
9999.22 9824.22
9999.65 8799.38
9999.97 7577.71
9999.99 -3673.80
9999.97 -6655.20
9999.72 -8141.40
9999.27 -9579.08
9994.96 -9967.73
9959.11 -9993.25
9925.37 -9995.81
9824.57 -9999.79
7864.52 -9999.86
4848.06 -9999.94
-1041.56 -9999.97
-7792.11 -9999.97
-9911.89 -9999.65
-9951.58 -9989.30
-9974.85 -9976.97
-9994.43 -9965.21
-9995.18 -9918.96
-9999.33 -9454.61
-9999.77 -7693.81
-9999.93 9433.11
-9997.17 9929.60
-9993.11 9994.49
-9876.08 9997.22
-9780.45 9998.89
-9630.05 9999.44
-9500.72 9999.87
0.00
