-10000.00 4336.30
-9999.96 -9820.39
-9994.27 -9893.40
-9990.95 -9926.93
-9952.02 -9995.13
-9754.91 -9998.53
-8869.42 -9999.63
-7164.91 -9999.89
-1182.52 -10000.00
3651.86 -10000.00
7470.18 -9999.87
8862.66 -9999.82
9982.00 -9999.18
9983.53 -9998.09
9994.82 -9970.94
9996.50 -9915.40
9998.29 -9800.36
9999.39 -9120.63
9999.86 -8112.00
9999.99 4208.17
9999.94 9908.41
9990.94 9971.42
9955.54 9992.78
9902.82 9996.32
9607.46 9999.38
9406.20 9999.54
8728.48 9999.99
-4673.51 9999.94
-8238.14 9999.78
-9737.08 9997.92
-9910.45 9996.86
-9941.44 9986.00
-9994.64 9964.51
-9997.97 9853.45
-9999.25 9380.00
-9999.47 8085.18
0.00
