-211.26 -10000.00
-7725.89 -9999.97
-9758.19 -9999.43
-9948.93 -9998.84
-9999.49 -9967.88
-9999.76 -9641.05
-9999.80 -9187.12
-9999.99 3170.58
-9999.68 8046.89
-9999.42 9502.96
-9999.14 9617.37
-9998.02 9940.64
-9995.49 9999.57
-7885.29 9999.71
-5336.63 9999.84
3336.97 9999.96
8476.78 9999.96
9640.52 9999.82
9971.00 9999.56
9979.61 9997.07
9991.56 9898.95
9999.54 9830.80
9999.91 8553.28
9999.95 2491.03
9999.97 -2252.62
9999.60 -9835.12
9994.45 -9944.49
9974.95 -9993.17
9958.12 -9995.15
9653.15 -9997.41
9319.31 -9999.27
7956.76 -9999.92
0.00
